0 info it worked if it ends with ok
1 verbose cli [ 'C:\\Program Files\\nodejs\\\\node.exe',
1 verbose cli   'C:\\Program Files\\nodejs\\node_modules\\npm\\bin\\npm-cli.js',
1 verbose cli   'install',
1 verbose cli   '-g',
1 verbose cli   'ios-sim' ]
2 info using npm@2.5.1
3 info using node@v0.12.0
4 verbose node symlink C:\Program Files\nodejs\\node.exe
5 silly cache add args [ 'ios-sim', null ]
6 verbose cache add spec ios-sim
7 silly cache add parsed spec { raw: 'ios-sim',
7 silly cache add   scope: null,
7 silly cache add   name: 'ios-sim',
7 silly cache add   rawSpec: '',
7 silly cache add   spec: '*',
7 silly cache add   type: 'range' }
8 verbose addNamed ios-sim@*
9 silly addNamed semver.valid null
10 silly addNamed semver.validRange *
11 silly addNameRange { name: 'ios-sim', range: '*', hasData: false }
12 silly mapToRegistry name ios-sim
13 silly mapToRegistry using default registry
14 silly mapToRegistry registry https://registry.npmjs.org/
15 silly mapToRegistry uri https://registry.npmjs.org/ios-sim
16 verbose addNameRange registry:https://registry.npmjs.org/ios-sim not in flight; fetching
17 verbose request uri https://registry.npmjs.org/ios-sim
18 verbose request no auth needed
19 info attempt registry request try #1 at 10:43:37
20 verbose request id 6274c26045ed0372
21 http request GET https://registry.npmjs.org/ios-sim
22 http 200 https://registry.npmjs.org/ios-sim
23 silly get cb [ 200,
23 silly get   { server: 'CouchDB/1.5.0 (Erlang OTP/R16B03)',
23 silly get     etag: '"O3LTG4EVQMGP965J1O2NE8YU"',
23 silly get     'content-type': 'application/json',
23 silly get     'cache-control': 'max-age=60',
23 silly get     'content-length': '20161',
23 silly get     'accept-ranges': 'bytes',
23 silly get     date: 'Thu, 17 Sep 2015 02:43:37 GMT',
23 silly get     via: '1.1 varnish',
23 silly get     age: '38',
23 silly get     connection: 'keep-alive',
23 silly get     'x-served-by': 'cache-hkg6825-HKG',
23 silly get     'x-cache': 'HIT',
23 silly get     'x-cache-hits': '1',
23 silly get     'x-timer': 'S1442457817.625875,VS0,VE0',
23 silly get     vary: 'Accept' } ]
24 verbose get saving ios-sim to C:\Users\wade.qi.wang\AppData\Roaming\npm-cache\registry.npmjs.org\ios-sim\.cache.json
25 silly addNameRange number 2 { name: 'ios-sim', range: '*', hasData: true }
26 silly addNameRange versions [ 'ios-sim',
26 silly addNameRange   [ '1.8.0',
26 silly addNameRange     '1.8.1',
26 silly addNameRange     '1.8.2',
26 silly addNameRange     '1.9.0',
26 silly addNameRange     '2.0.0',
26 silly addNameRange     '2.0.1',
26 silly addNameRange     '3.0.0',
26 silly addNameRange     '3.1.0',
26 silly addNameRange     '3.1.1',
26 silly addNameRange     '4.1.0',
26 silly addNameRange     '4.1.1',
26 silly addNameRange     '3.2.0',
26 silly addNameRange     '5.0.0',
26 silly addNameRange     '5.0.1' ] ]
27 verbose addNamed ios-sim@5.0.1
28 silly addNamed semver.valid 5.0.1
29 silly addNamed semver.validRange 5.0.1
30 silly mapToRegistry name ios-sim
31 silly mapToRegistry using default registry
32 silly mapToRegistry registry https://registry.npmjs.org/
33 silly mapToRegistry uri https://registry.npmjs.org/ios-sim
34 verbose addRemoteTarball https://registry.npmjs.org/ios-sim/-/ios-sim-5.0.1.tgz not in flight; adding
35 verbose addRemoteTarball [ 'https://registry.npmjs.org/ios-sim/-/ios-sim-5.0.1.tgz',
35 verbose addRemoteTarball   '3ff63a7254334f6129fbf7112511774cfd0dd992' ]
36 info retry fetch attempt 1 at 10:43:37
37 info attempt registry request try #1 at 10:43:37
38 http fetch GET https://registry.npmjs.org/ios-sim/-/ios-sim-5.0.1.tgz
39 http fetch 200 https://registry.npmjs.org/ios-sim/-/ios-sim-5.0.1.tgz
40 silly fetchAndShaCheck shasum 3ff63a7254334f6129fbf7112511774cfd0dd992
41 verbose addTmpTarball C:\Users\WADEQI~1.WAN\AppData\Local\Temp\npm-8168-4f47ccd9\registry.npmjs.org\ios-sim\-\ios-sim-5.0.1.tgz not in flight; adding
42 verbose addTmpTarball already have metadata; skipping unpack for ios-sim@5.0.1
43 silly cache afterAdd ios-sim@5.0.1
44 verbose afterAdd C:\Users\wade.qi.wang\AppData\Roaming\npm-cache\ios-sim\5.0.1\package\package.json not in flight; writing
45 verbose afterAdd C:\Users\wade.qi.wang\AppData\Roaming\npm-cache\ios-sim\5.0.1\package\package.json written
46 silly install resolved [ { name: 'ios-sim',
46 silly install resolved     version: '5.0.1',
46 silly install resolved     os: [ 'darwin' ],
46 silly install resolved     preferGlobal: 'true',
46 silly install resolved     description: 'launch iOS apps into the iOS Simulator from the command line (Xcode 6.0+)',
46 silly install resolved     main: 'ios-sim.js',
46 silly install resolved     repository:
46 silly install resolved      { type: 'git',
46 silly install resolved        url: 'git+https://github.com/phonegap/ios-sim.git' },
46 silly install resolved     engines: { node: '>=0.10.0' },
46 silly install resolved     keywords: [ 'ios-sim', 'iOS Simulator' ],
46 silly install resolved     bin: { 'ios-sim': './bin/ios-sim' },
46 silly install resolved     bugs: { url: 'https://github.com/phonegap/ios-sim/issues' },
46 silly install resolved     author: { name: 'Shazron Abdullah' },
46 silly install resolved     license: 'MIT',
46 silly install resolved     dependencies: { simctl: '^0.0.6', nopt: '1.0.9', 'bplist-parser': '^0.0.6' },
46 silly install resolved     gitHead: '9ed4bccd90e26cdea455364e102b84d1ffe8a4df',
46 silly install resolved     homepage: 'https://github.com/phonegap/ios-sim#readme',
46 silly install resolved     _id: 'ios-sim@5.0.1',
46 silly install resolved     scripts: {},
46 silly install resolved     _shasum: '3ff63a7254334f6129fbf7112511774cfd0dd992',
46 silly install resolved     _from: 'ios-sim@*',
46 silly install resolved     _npmVersion: '2.11.2',
46 silly install resolved     _nodeVersion: '0.12.6',
46 silly install resolved     _npmUser: { name: 'macdonst', email: 'simon.macdonald@gmail.com' },
46 silly install resolved     dist:
46 silly install resolved      { shasum: '3ff63a7254334f6129fbf7112511774cfd0dd992',
46 silly install resolved        tarball: 'http://registry.npmjs.org/ios-sim/-/ios-sim-5.0.1.tgz' },
46 silly install resolved     maintainers: [ [Object], [Object], [Object], [Object] ],
46 silly install resolved     directories: {},
46 silly install resolved     _resolved: 'https://registry.npmjs.org/ios-sim/-/ios-sim-5.0.1.tgz' } ]
47 info install ios-sim@5.0.1 into C:\Users\wade.qi.wang\AppData\Roaming\npm
48 info installOne ios-sim@5.0.1
49 verbose installOne of ios-sim to C:\Users\wade.qi.wang\AppData\Roaming\npm not in flight; installing
50 verbose lock using C:\Users\wade.qi.wang\AppData\Roaming\npm-cache\_locks\ios-sim-5d1c0c1ee1d43d21.lock for C:\Users\wade.qi.wang\AppData\Roaming\npm\node_modules\ios-sim
51 verbose unlock done using C:\Users\wade.qi.wang\AppData\Roaming\npm-cache\_locks\ios-sim-5d1c0c1ee1d43d21.lock for C:\Users\wade.qi.wang\AppData\Roaming\npm\node_modules\ios-sim
52 verbose stack Error: Unsupported
52 verbose stack     at checkPlatform (C:\Program Files\nodejs\node_modules\npm\node_modules\npm-install-checks\index.js:47:14)
52 verbose stack     at Array.<anonymous> (C:\Program Files\nodejs\node_modules\npm\node_modules\slide\lib\bind-actor.js:15:8)
52 verbose stack     at LOOP (C:\Program Files\nodejs\node_modules\npm\node_modules\slide\lib\chain.js:15:14)
52 verbose stack     at C:\Program Files\nodejs\node_modules\npm\node_modules\slide\lib\chain.js:18:7
52 verbose stack     at checkEngine (C:\Program Files\nodejs\node_modules\npm\node_modules\npm-install-checks\index.js:26:10)
52 verbose stack     at Array.<anonymous> (C:\Program Files\nodejs\node_modules\npm\node_modules\slide\lib\bind-actor.js:15:8)
52 verbose stack     at LOOP (C:\Program Files\nodejs\node_modules\npm\node_modules\slide\lib\chain.js:15:14)
52 verbose stack     at chain (C:\Program Files\nodejs\node_modules\npm\node_modules\slide\lib\chain.js:20:5)
52 verbose stack     at C:\Program Files\nodejs\node_modules\npm\lib\install.js:949:5
52 verbose stack     at C:\Program Files\nodejs\node_modules\npm\lib\utils\locker.js:40:9
53 verbose pkgid ios-sim@5.0.1
54 verbose cwd C:\wangqi\Project\myApp
55 error Windows_NT 6.1.7601
56 error argv "C:\\Program Files\\nodejs\\\\node.exe" "C:\\Program Files\\nodejs\\node_modules\\npm\\bin\\npm-cli.js" "install" "-g" "ios-sim"
57 error node v0.12.0
58 error npm  v2.5.1
59 error code EBADPLATFORM
60 error notsup Unsupported
60 error notsup Not compatible with your operating system or architecture: ios-sim@5.0.1
60 error notsup Valid OS:    darwin
60 error notsup Valid Arch:  any
60 error notsup Actual OS:   win32
60 error notsup Actual Arch: x64
61 verbose exit [ 1, true ]
